<?xml version="1.0" encoding="UTF-8"?>
<testng-results skipped="0" failed="0" ignored="0" total="1" passed="1">
  <reporter-output>
  </reporter-output>
  <suite name="intBanking" duration-ms="67218" started-at="2024-01-12T15:28:05 IST" finished-at="2024-01-12T15:29:12 IST">
    <groups>
    </groups>
    <test name="BankingApp Test" duration-ms="67218" started-at="2024-01-12T15:28:05 IST" finished-at="2024-01-12T15:29:12 IST">
      <class name="com.intBanking.testCases.TC_AddCustomerTest_003">
        <test-method status="PASS" signature="setup(java.lang.String)[pri:0, instance:com.intBanking.testCases.TC_AddCustomerTest_003@59906517]" name="setup" is-config="true" duration-ms="20870" started-at="2024-01-12T15:28:06 IST" finished-at="2024-01-12T15:28:27 IST">
          <params>
            <param index="0">
              <value>
                <![CDATA[chrome]]>
              </value>
            </param>
          </params>
          <reporter-output>
          </reporter-output>
        </test-method> <!-- setup -->
        <test-method status="PASS" signature="addNewCustomer()[pri:0, instance:com.intBanking.testCases.TC_AddCustomerTest_003@59906517]" name="addNewCustomer" duration-ms="43698" started-at="2024-01-12T15:28:27 IST" finished-at="2024-01-12T15:29:10 IST">
          <reporter-output>
          </reporter-output>
        </test-method> <!-- addNewCustomer -->
        <test-method status="PASS" signature="tearDown()[pri:0, instance:com.intBanking.testCases.TC_AddCustomerTest_003@59906517]" name="tearDown" is-config="true" duration-ms="1744" started-at="2024-01-12T15:29:10 IST" finished-at="2024-01-12T15:29:12 IST">
          <reporter-output>
          </reporter-output>
        </test-method> <!-- tearDown -->
      </class> <!-- com.intBanking.testCases.TC_AddCustomerTest_003 -->
    </test> <!-- BankingApp Test -->
  </suite> <!-- intBanking -->
</testng-results>
